ARM GAS  C:\Users\admin\AppData\Local\Temp\cczVGFQs.s 			page 1


   1              		.cpu cortex-m3
   2              		.arch armv7-m
   3              		.fpu softvfp
   4              		.eabi_attribute 20, 1
   5              		.eabi_attribute 21, 1
   6              		.eabi_attribute 23, 3
   7              		.eabi_attribute 24, 1
   8              		.eabi_attribute 25, 1
   9              		.eabi_attribute 26, 1
  10              		.eabi_attribute 30, 1
  11              		.eabi_attribute 34, 1
  12              		.eabi_attribute 18, 4
  13              		.file	"tim.c"
  14              		.text
  15              	.Ltext0:
  16              		.cfi_sections	.debug_frame
  17              		.file 1 "Src/tim.c"
  18              		.section	.text.MX_TIM3_Init,"ax",%progbits
  19              		.align	1
  20              		.global	MX_TIM3_Init
  21              		.syntax unified
  22              		.thumb
  23              		.thumb_func
  25              	MX_TIM3_Init:
  26              	.LFB398:
   1:Src/tim.c     **** /* USER CODE BEGIN Header */
   2:Src/tim.c     **** /**
   3:Src/tim.c     ****   ******************************************************************************
   4:Src/tim.c     ****   * @file    tim.c
   5:Src/tim.c     ****   * @brief   This file provides code for the configuration
   6:Src/tim.c     ****   *          of the TIM instances.
   7:Src/tim.c     ****   ******************************************************************************
   8:Src/tim.c     ****   * @attention
   9:Src/tim.c     ****   *
  10:Src/tim.c     ****   * Copyright (c) 2024 STMicroelectronics.
  11:Src/tim.c     ****   * All rights reserved.
  12:Src/tim.c     ****   *
  13:Src/tim.c     ****   * This software is licensed under terms that can be found in the LICENSE file
  14:Src/tim.c     ****   * in the root directory of this software component.
  15:Src/tim.c     ****   * If no LICENSE file comes with this software, it is provided AS-IS.
  16:Src/tim.c     ****   *
  17:Src/tim.c     ****   ******************************************************************************
  18:Src/tim.c     ****   */
  19:Src/tim.c     **** /* USER CODE END Header */
  20:Src/tim.c     **** /* Includes ------------------------------------------------------------------*/
  21:Src/tim.c     **** #include "tim.h"
  22:Src/tim.c     **** 
  23:Src/tim.c     **** /* USER CODE BEGIN 0 */
  24:Src/tim.c     **** 
  25:Src/tim.c     **** /* USER CODE END 0 */
  26:Src/tim.c     **** 
  27:Src/tim.c     **** TIM_HandleTypeDef htim3;
  28:Src/tim.c     **** 
  29:Src/tim.c     **** /* TIM3 init function */
  30:Src/tim.c     **** void MX_TIM3_Init(void)
  31:Src/tim.c     **** {
  27              		.loc 1 31 1 view -0
ARM GAS  C:\Users\admin\AppData\Local\Temp\cczVGFQs.s 			page 2


  28              		.cfi_startproc
  29              		@ args = 0, pretend = 0, frame = 24
  30              		@ frame_needed = 0, uses_anonymous_args = 0
  31 0000 00B5     		push	{lr}
  32              	.LCFI0:
  33              		.cfi_def_cfa_offset 4
  34              		.cfi_offset 14, -4
  35 0002 87B0     		sub	sp, sp, #28
  36              	.LCFI1:
  37              		.cfi_def_cfa_offset 32
  32:Src/tim.c     **** 
  33:Src/tim.c     ****   /* USER CODE BEGIN TIM3_Init 0 */
  34:Src/tim.c     **** 
  35:Src/tim.c     ****   /* USER CODE END TIM3_Init 0 */
  36:Src/tim.c     **** 
  37:Src/tim.c     ****   TIM_ClockConfigTypeDef sClockSourceConfig = {0};
  38              		.loc 1 37 3 view .LVU1
  39              		.loc 1 37 26 is_stmt 0 view .LVU2
  40 0004 0023     		movs	r3, #0
  41 0006 0293     		str	r3, [sp, #8]
  42 0008 0393     		str	r3, [sp, #12]
  43 000a 0493     		str	r3, [sp, #16]
  44 000c 0593     		str	r3, [sp, #20]
  38:Src/tim.c     ****   TIM_MasterConfigTypeDef sMasterConfig = {0};
  45              		.loc 1 38 3 is_stmt 1 view .LVU3
  46              		.loc 1 38 27 is_stmt 0 view .LVU4
  47 000e 0093     		str	r3, [sp]
  48 0010 0193     		str	r3, [sp, #4]
  39:Src/tim.c     **** 
  40:Src/tim.c     ****   /* USER CODE BEGIN TIM3_Init 1 */
  41:Src/tim.c     **** 
  42:Src/tim.c     ****   /* USER CODE END TIM3_Init 1 */
  43:Src/tim.c     ****   htim3.Instance = TIM3;
  49              		.loc 1 43 3 is_stmt 1 view .LVU5
  50              		.loc 1 43 18 is_stmt 0 view .LVU6
  51 0012 1748     		ldr	r0, .L9
  52 0014 174A     		ldr	r2, .L9+4
  53 0016 0260     		str	r2, [r0]
  44:Src/tim.c     ****   htim3.Init.Prescaler = 32-1;
  54              		.loc 1 44 3 is_stmt 1 view .LVU7
  55              		.loc 1 44 24 is_stmt 0 view .LVU8
  56 0018 1F22     		movs	r2, #31
  57 001a 4260     		str	r2, [r0, #4]
  45:Src/tim.c     ****   htim3.Init.CounterMode = TIM_COUNTERMODE_UP;
  58              		.loc 1 45 3 is_stmt 1 view .LVU9
  59              		.loc 1 45 26 is_stmt 0 view .LVU10
  60 001c 8360     		str	r3, [r0, #8]
  46:Src/tim.c     ****   htim3.Init.Period = 65535;
  61              		.loc 1 46 3 is_stmt 1 view .LVU11
  62              		.loc 1 46 21 is_stmt 0 view .LVU12
  63 001e 4FF6FF72 		movw	r2, #65535
  64 0022 C260     		str	r2, [r0, #12]
  47:Src/tim.c     ****   htim3.Init.ClockDivision = TIM_CLOCKDIVISION_DIV1;
  65              		.loc 1 47 3 is_stmt 1 view .LVU13
  66              		.loc 1 47 28 is_stmt 0 view .LVU14
  67 0024 0361     		str	r3, [r0, #16]
  48:Src/tim.c     ****   htim3.Init.AutoReloadPreload = TIM_AUTORELOAD_PRELOAD_ENABLE;
ARM GAS  C:\Users\admin\AppData\Local\Temp\cczVGFQs.s 			page 3


  68              		.loc 1 48 3 is_stmt 1 view .LVU15
  69              		.loc 1 48 32 is_stmt 0 view .LVU16
  70 0026 8023     		movs	r3, #128
  71 0028 8361     		str	r3, [r0, #24]
  49:Src/tim.c     ****   if (HAL_TIM_Base_Init(&htim3) != HAL_OK)
  72              		.loc 1 49 3 is_stmt 1 view .LVU17
  73              		.loc 1 49 7 is_stmt 0 view .LVU18
  74 002a FFF7FEFF 		bl	HAL_TIM_Base_Init
  75              	.LVL0:
  76              		.loc 1 49 6 discriminator 1 view .LVU19
  77 002e A8B9     		cbnz	r0, .L6
  78              	.L2:
  50:Src/tim.c     ****   {
  51:Src/tim.c     ****     Error_Handler();
  52:Src/tim.c     ****   }
  53:Src/tim.c     ****   sClockSourceConfig.ClockSource = TIM_CLOCKSOURCE_INTERNAL;
  79              		.loc 1 53 3 is_stmt 1 view .LVU20
  80              		.loc 1 53 34 is_stmt 0 view .LVU21
  81 0030 4FF48053 		mov	r3, #4096
  82 0034 0293     		str	r3, [sp, #8]
  54:Src/tim.c     ****   if (HAL_TIM_ConfigClockSource(&htim3, &sClockSourceConfig) != HAL_OK)
  83              		.loc 1 54 3 is_stmt 1 view .LVU22
  84              		.loc 1 54 7 is_stmt 0 view .LVU23
  85 0036 02A9     		add	r1, sp, #8
  86 0038 0D48     		ldr	r0, .L9
  87 003a FFF7FEFF 		bl	HAL_TIM_ConfigClockSource
  88              	.LVL1:
  89              		.loc 1 54 6 discriminator 1 view .LVU24
  90 003e 80B9     		cbnz	r0, .L7
  91              	.L3:
  55:Src/tim.c     ****   {
  56:Src/tim.c     ****     Error_Handler();
  57:Src/tim.c     ****   }
  58:Src/tim.c     ****   sMasterConfig.MasterOutputTrigger = TIM_TRGO_RESET;
  92              		.loc 1 58 3 is_stmt 1 view .LVU25
  93              		.loc 1 58 37 is_stmt 0 view .LVU26
  94 0040 0023     		movs	r3, #0
  95 0042 0093     		str	r3, [sp]
  59:Src/tim.c     ****   sMasterConfig.MasterSlaveMode = TIM_MASTERSLAVEMODE_DISABLE;
  96              		.loc 1 59 3 is_stmt 1 view .LVU27
  97              		.loc 1 59 33 is_stmt 0 view .LVU28
  98 0044 0193     		str	r3, [sp, #4]
  60:Src/tim.c     ****   if (HAL_TIMEx_MasterConfigSynchronization(&htim3, &sMasterConfig) != HAL_OK)
  99              		.loc 1 60 3 is_stmt 1 view .LVU29
 100              		.loc 1 60 7 is_stmt 0 view .LVU30
 101 0046 6946     		mov	r1, sp
 102 0048 0948     		ldr	r0, .L9
 103 004a FFF7FEFF 		bl	HAL_TIMEx_MasterConfigSynchronization
 104              	.LVL2:
 105              		.loc 1 60 6 discriminator 1 view .LVU31
 106 004e 58B9     		cbnz	r0, .L8
 107              	.L4:
  61:Src/tim.c     ****   {
  62:Src/tim.c     ****     Error_Handler();
  63:Src/tim.c     ****   }
  64:Src/tim.c     ****   /* USER CODE BEGIN TIM3_Init 2 */
  65:Src/tim.c     ****   HAL_TIM_Base_Start(&htim3);
ARM GAS  C:\Users\admin\AppData\Local\Temp\cczVGFQs.s 			page 4


 108              		.loc 1 65 3 is_stmt 1 view .LVU32
 109 0050 0748     		ldr	r0, .L9
 110 0052 FFF7FEFF 		bl	HAL_TIM_Base_Start
 111              	.LVL3:
  66:Src/tim.c     ****   /* USER CODE END TIM3_Init 2 */
  67:Src/tim.c     **** 
  68:Src/tim.c     **** }
 112              		.loc 1 68 1 is_stmt 0 view .LVU33
 113 0056 07B0     		add	sp, sp, #28
 114              	.LCFI2:
 115              		.cfi_remember_state
 116              		.cfi_def_cfa_offset 4
 117              		@ sp needed
 118 0058 5DF804FB 		ldr	pc, [sp], #4
 119              	.L6:
 120              	.LCFI3:
 121              		.cfi_restore_state
  51:Src/tim.c     ****   }
 122              		.loc 1 51 5 is_stmt 1 view .LVU34
 123 005c FFF7FEFF 		bl	Error_Handler
 124              	.LVL4:
 125 0060 E6E7     		b	.L2
 126              	.L7:
  56:Src/tim.c     ****   }
 127              		.loc 1 56 5 view .LVU35
 128 0062 FFF7FEFF 		bl	Error_Handler
 129              	.LVL5:
 130 0066 EBE7     		b	.L3
 131              	.L8:
  62:Src/tim.c     ****   }
 132              		.loc 1 62 5 view .LVU36
 133 0068 FFF7FEFF 		bl	Error_Handler
 134              	.LVL6:
 135 006c F0E7     		b	.L4
 136              	.L10:
 137 006e 00BF     		.align	2
 138              	.L9:
 139 0070 00000000 		.word	htim3
 140 0074 00040040 		.word	1073742848
 141              		.cfi_endproc
 142              	.LFE398:
 144              		.section	.text.HAL_TIM_Base_MspInit,"ax",%progbits
 145              		.align	1
 146              		.global	HAL_TIM_Base_MspInit
 147              		.syntax unified
 148              		.thumb
 149              		.thumb_func
 151              	HAL_TIM_Base_MspInit:
 152              	.LVL7:
 153              	.LFB399:
  69:Src/tim.c     **** 
  70:Src/tim.c     **** void HAL_TIM_Base_MspInit(TIM_HandleTypeDef* tim_baseHandle)
  71:Src/tim.c     **** {
 154              		.loc 1 71 1 view -0
 155              		.cfi_startproc
 156              		@ args = 0, pretend = 0, frame = 8
 157              		@ frame_needed = 0, uses_anonymous_args = 0
ARM GAS  C:\Users\admin\AppData\Local\Temp\cczVGFQs.s 			page 5


 158              		@ link register save eliminated.
  72:Src/tim.c     **** 
  73:Src/tim.c     ****   if(tim_baseHandle->Instance==TIM3)
 159              		.loc 1 73 3 view .LVU38
 160              		.loc 1 73 20 is_stmt 0 view .LVU39
 161 0000 0268     		ldr	r2, [r0]
 162              		.loc 1 73 5 view .LVU40
 163 0002 094B     		ldr	r3, .L18
 164 0004 9A42     		cmp	r2, r3
 165 0006 00D0     		beq	.L17
 166 0008 7047     		bx	lr
 167              	.L17:
  71:Src/tim.c     **** 
 168              		.loc 1 71 1 view .LVU41
 169 000a 82B0     		sub	sp, sp, #8
 170              	.LCFI4:
 171              		.cfi_def_cfa_offset 8
  74:Src/tim.c     ****   {
  75:Src/tim.c     ****   /* USER CODE BEGIN TIM3_MspInit 0 */
  76:Src/tim.c     **** 
  77:Src/tim.c     ****   /* USER CODE END TIM3_MspInit 0 */
  78:Src/tim.c     ****     /* TIM3 clock enable */
  79:Src/tim.c     ****     __HAL_RCC_TIM3_CLK_ENABLE();
 172              		.loc 1 79 5 is_stmt 1 view .LVU42
 173              	.LBB2:
 174              		.loc 1 79 5 view .LVU43
 175              		.loc 1 79 5 view .LVU44
 176 000c 03F50333 		add	r3, r3, #134144
 177 0010 DA69     		ldr	r2, [r3, #28]
 178 0012 42F00202 		orr	r2, r2, #2
 179 0016 DA61     		str	r2, [r3, #28]
 180              		.loc 1 79 5 view .LVU45
 181 0018 DB69     		ldr	r3, [r3, #28]
 182 001a 03F00203 		and	r3, r3, #2
 183 001e 0193     		str	r3, [sp, #4]
 184              		.loc 1 79 5 view .LVU46
 185 0020 019B     		ldr	r3, [sp, #4]
 186              	.LBE2:
 187              		.loc 1 79 5 discriminator 1 view .LVU47
  80:Src/tim.c     ****   /* USER CODE BEGIN TIM3_MspInit 1 */
  81:Src/tim.c     **** 
  82:Src/tim.c     ****   /* USER CODE END TIM3_MspInit 1 */
  83:Src/tim.c     ****   }
  84:Src/tim.c     **** }
 188              		.loc 1 84 1 is_stmt 0 view .LVU48
 189 0022 02B0     		add	sp, sp, #8
 190              	.LCFI5:
 191              		.cfi_def_cfa_offset 0
 192              		@ sp needed
 193 0024 7047     		bx	lr
 194              	.L19:
 195 0026 00BF     		.align	2
 196              	.L18:
 197 0028 00040040 		.word	1073742848
 198              		.cfi_endproc
 199              	.LFE399:
 201              		.section	.text.HAL_TIM_Base_MspDeInit,"ax",%progbits
ARM GAS  C:\Users\admin\AppData\Local\Temp\cczVGFQs.s 			page 6


 202              		.align	1
 203              		.global	HAL_TIM_Base_MspDeInit
 204              		.syntax unified
 205              		.thumb
 206              		.thumb_func
 208              	HAL_TIM_Base_MspDeInit:
 209              	.LVL8:
 210              	.LFB400:
  85:Src/tim.c     **** 
  86:Src/tim.c     **** void HAL_TIM_Base_MspDeInit(TIM_HandleTypeDef* tim_baseHandle)
  87:Src/tim.c     **** {
 211              		.loc 1 87 1 is_stmt 1 view -0
 212              		.cfi_startproc
 213              		@ args = 0, pretend = 0, frame = 0
 214              		@ frame_needed = 0, uses_anonymous_args = 0
 215              		@ link register save eliminated.
  88:Src/tim.c     **** 
  89:Src/tim.c     ****   if(tim_baseHandle->Instance==TIM3)
 216              		.loc 1 89 3 view .LVU50
 217              		.loc 1 89 20 is_stmt 0 view .LVU51
 218 0000 0268     		ldr	r2, [r0]
 219              		.loc 1 89 5 view .LVU52
 220 0002 054B     		ldr	r3, .L23
 221 0004 9A42     		cmp	r2, r3
 222 0006 00D0     		beq	.L22
 223              	.L20:
  90:Src/tim.c     ****   {
  91:Src/tim.c     ****   /* USER CODE BEGIN TIM3_MspDeInit 0 */
  92:Src/tim.c     **** 
  93:Src/tim.c     ****   /* USER CODE END TIM3_MspDeInit 0 */
  94:Src/tim.c     ****     /* Peripheral clock disable */
  95:Src/tim.c     ****     __HAL_RCC_TIM3_CLK_DISABLE();
  96:Src/tim.c     ****   /* USER CODE BEGIN TIM3_MspDeInit 1 */
  97:Src/tim.c     **** 
  98:Src/tim.c     ****   /* USER CODE END TIM3_MspDeInit 1 */
  99:Src/tim.c     ****   }
 100:Src/tim.c     **** }
 224              		.loc 1 100 1 view .LVU53
 225 0008 7047     		bx	lr
 226              	.L22:
  95:Src/tim.c     ****   /* USER CODE BEGIN TIM3_MspDeInit 1 */
 227              		.loc 1 95 5 is_stmt 1 view .LVU54
 228 000a 044A     		ldr	r2, .L23+4
 229 000c D369     		ldr	r3, [r2, #28]
 230 000e 23F00203 		bic	r3, r3, #2
 231 0012 D361     		str	r3, [r2, #28]
 232              		.loc 1 100 1 is_stmt 0 view .LVU55
 233 0014 F8E7     		b	.L20
 234              	.L24:
 235 0016 00BF     		.align	2
 236              	.L23:
 237 0018 00040040 		.word	1073742848
 238 001c 00100240 		.word	1073876992
 239              		.cfi_endproc
 240              	.LFE400:
 242              		.section	.text.uDelay,"ax",%progbits
 243              		.align	1
ARM GAS  C:\Users\admin\AppData\Local\Temp\cczVGFQs.s 			page 7


 244              		.global	uDelay
 245              		.syntax unified
 246              		.thumb
 247              		.thumb_func
 249              	uDelay:
 250              	.LVL9:
 251              	.LFB401:
 101:Src/tim.c     **** 
 102:Src/tim.c     **** /* USER CODE BEGIN 1 */
 103:Src/tim.c     **** void uDelay(uint32_t delay)
 104:Src/tim.c     **** {
 252              		.loc 1 104 1 is_stmt 1 view -0
 253              		.cfi_startproc
 254              		@ args = 0, pretend = 0, frame = 0
 255              		@ frame_needed = 0, uses_anonymous_args = 0
 256              		@ link register save eliminated.
 105:Src/tim.c     ****   __HAL_TIM_SET_COUNTER(&htim3, 0);
 257              		.loc 1 105 3 view .LVU57
 258 0000 034B     		ldr	r3, .L27
 259 0002 1A68     		ldr	r2, [r3]
 260 0004 0023     		movs	r3, #0
 261 0006 5362     		str	r3, [r2, #36]
 106:Src/tim.c     ****   while (__HAL_TIM_GetCounter(&htim3) < delay){}
 262              		.loc 1 106 3 view .LVU58
 263              	.L26:
 264              		.loc 1 106 48 discriminator 1 view .LVU59
 265              		.loc 1 106 39 discriminator 1 view .LVU60
 266              		.loc 1 106 10 is_stmt 0 discriminator 1 view .LVU61
 267 0008 536A     		ldr	r3, [r2, #36]
 268              		.loc 1 106 39 discriminator 1 view .LVU62
 269 000a 8342     		cmp	r3, r0
 270 000c FCD3     		bcc	.L26
 107:Src/tim.c     **** }
 271              		.loc 1 107 1 view .LVU63
 272 000e 7047     		bx	lr
 273              	.L28:
 274              		.align	2
 275              	.L27:
 276 0010 00000000 		.word	htim3
 277              		.cfi_endproc
 278              	.LFE401:
 280              		.global	htim3
 281              		.section	.bss.htim3,"aw",%nobits
 282              		.align	2
 285              	htim3:
 286 0000 00000000 		.space	72
 286      00000000 
 286      00000000 
 286      00000000 
 286      00000000 
 287              		.text
 288              	.Letext0:
 289              		.file 2 "C:/Program Files (x86)/Arm GNU Toolchain arm-none-eabi/13.3 rel1/arm-none-eabi/include/ma
 290              		.file 3 "C:/Program Files (x86)/Arm GNU Toolchain arm-none-eabi/13.3 rel1/arm-none-eabi/include/sy
 291              		.file 4 "Drivers/CMSIS/Device/ST/STM32F1xx/Include/stm32f103xb.h"
 292              		.file 5 "Drivers/STM32F1xx_HAL_Driver/Inc/stm32f1xx_hal_def.h"
 293              		.file 6 "Drivers/STM32F1xx_HAL_Driver/Inc/stm32f1xx_hal_dma.h"
ARM GAS  C:\Users\admin\AppData\Local\Temp\cczVGFQs.s 			page 8


 294              		.file 7 "Drivers/STM32F1xx_HAL_Driver/Inc/stm32f1xx_hal_tim.h"
 295              		.file 8 "Drivers/STM32F1xx_HAL_Driver/Inc/stm32f1xx_hal_tim_ex.h"
 296              		.file 9 "Drivers/STM32F1xx_HAL_Driver/Inc/stm32f1xx_ll_dma.h"
 297              		.file 10 "Inc/tim.h"
 298              		.file 11 "Inc/main.h"
ARM GAS  C:\Users\admin\AppData\Local\Temp\cczVGFQs.s 			page 9


DEFINED SYMBOLS
                            *ABS*:00000000 tim.c
C:\Users\admin\AppData\Local\Temp\cczVGFQs.s:19     .text.MX_TIM3_Init:00000000 $t
C:\Users\admin\AppData\Local\Temp\cczVGFQs.s:25     .text.MX_TIM3_Init:00000000 MX_TIM3_Init
C:\Users\admin\AppData\Local\Temp\cczVGFQs.s:139    .text.MX_TIM3_Init:00000070 $d
C:\Users\admin\AppData\Local\Temp\cczVGFQs.s:285    .bss.htim3:00000000 htim3
C:\Users\admin\AppData\Local\Temp\cczVGFQs.s:145    .text.HAL_TIM_Base_MspInit:00000000 $t
C:\Users\admin\AppData\Local\Temp\cczVGFQs.s:151    .text.HAL_TIM_Base_MspInit:00000000 HAL_TIM_Base_MspInit
C:\Users\admin\AppData\Local\Temp\cczVGFQs.s:197    .text.HAL_TIM_Base_MspInit:00000028 $d
C:\Users\admin\AppData\Local\Temp\cczVGFQs.s:202    .text.HAL_TIM_Base_MspDeInit:00000000 $t
C:\Users\admin\AppData\Local\Temp\cczVGFQs.s:208    .text.HAL_TIM_Base_MspDeInit:00000000 HAL_TIM_Base_MspDeInit
C:\Users\admin\AppData\Local\Temp\cczVGFQs.s:237    .text.HAL_TIM_Base_MspDeInit:00000018 $d
C:\Users\admin\AppData\Local\Temp\cczVGFQs.s:243    .text.uDelay:00000000 $t
C:\Users\admin\AppData\Local\Temp\cczVGFQs.s:249    .text.uDelay:00000000 uDelay
C:\Users\admin\AppData\Local\Temp\cczVGFQs.s:276    .text.uDelay:00000010 $d
C:\Users\admin\AppData\Local\Temp\cczVGFQs.s:282    .bss.htim3:00000000 $d

UNDEFINED SYMBOLS
HAL_TIM_Base_Init
HAL_TIM_ConfigClockSource
HAL_TIMEx_MasterConfigSynchronization
HAL_TIM_Base_Start
Error_Handler
